# JRE version: Java(TM) SE Runtime Environment (18.0.1.1+2) (build 18.0.1.1+2-6)
# Java VM: Java HotSpot(TM) 64-Bit Server VM (18.0.1.1+2-6, mixed mode, sharing, tiered, compressed oops, compressed class ptrs, g1 gc, windows-amd64)
GC Precious Log:
 CardTable entry size: 512
 Card Set container configuration: InlinePtr #cards 5 size 8 Array Of Cards #cards 12 size 40 Howl #buckets 4 coarsen threshold 1843 Howl Bitmap #cards 512 size 80 coarsen threshold 460 Card regions per heap region 1 cards per card region 2048
 CPUs: 20 total, 20 available
 Memory: 16052M
 Large Page Support: Disabled
 NUMA Support: Disabled
 Compressed Oops: Enabled (32-bit)
 Heap Region Size: 1M
 Heap Min Capacity: 8M
 Heap Initial Capacity: 252M
 Heap Max Capacity: 1G
 Pre-touch: Disabled
 Parallel Workers: 15
 Concurrent Workers: 4
 Concurrent Refinement Workers: 15
 Periodic GC: Disabled
Heap:
 garbage-first heap   total 337920K, used 261188K [0x00000000c0000000, 0x0000000100000000)
  region size 1024K, 156 young (159744K), 21 survivors (21504K)
 Metaspace       used 9960K, committed 10176K, reserved 1114112K
  class space    used 1456K, committed 1536K, reserved 1048576K
GC Heap History (20 events):
Event: 18.964 GC heap before
{Heap before GC invocations=152 (full 30):
 garbage-first heap   total 345088K, used 292953K [0x00000000c0000000, 0x0000000100000000)
  region size 1024K, 180 young (184320K), 13 survivors (13312K)
 Metaspace       used 9556K, committed 9792K, reserved 1114112K
  class space    used 1389K, committed 1472K, reserved 1048576K
}
Event: 18.968 GC heap after
{Heap after GC invocations=153 (full 30):
 garbage-first heap   total 345088K, used 122522K [0x00000000c0000000, 0x0000000100000000)
  region size 1024K, 13 young (13312K), 13 survivors (13312K)
 Metaspace       used 9556K, committed 9792K, reserved 1114112K
  class space    used 1389K, committed 1472K, reserved 1048576K
}
Event: 19.078 GC heap before
{Heap before GC invocations=153 (full 30):
 garbage-first heap   total 345088K, used 293530K [0x00000000c0000000, 0x0000000100000000)
  region size 1024K, 180 young (184320K), 13 survivors (13312K)
 Metaspace       used 9556K, committed 9792K, reserved 1114112K
  class space    used 1389K, committed 1472K, reserved 1048576K
}
Event: 19.082 GC heap after
{Heap after GC invocations=154 (full 30):
 garbage-first heap   total 345088K, used 123653K [0x00000000c0000000, 0x0000000100000000)
  region size 1024K, 13 young (13312K), 13 survivors (13312K)
 Metaspace       used 9556K, committed 9792K, reserved 1114112K
  class space    used 1389K, committed 1472K, reserved 1048576K
}
Event: 19.196 GC heap before
{Heap before GC invocations=154 (full 30):
 garbage-first heap   total 345088K, used 293637K [0x00000000c0000000, 0x0000000100000000)
  region size 1024K, 179 young (183296K), 13 survivors (13312K)
 Metaspace       used 9556K, committed 9792K, reserved 1114112K
  class space    used 1389K, committed 1472K, reserved 1048576K
}
Event: 19.200 GC heap after
{Heap after GC invocations=155 (full 30):
 garbage-first heap   total 345088K, used 123814K [0x00000000c0000000, 0x0000000100000000)
  region size 1024K, 12 young (12288K), 12 survivors (12288K)
 Metaspace       used 9556K, committed 9792K, reserved 1114112K
  class space    used 1389K, committed 1472K, reserved 1048576K
}
Event: 19.318 GC heap before
{Heap before GC invocations=155 (full 30):
 garbage-first heap   total 345088K, used 293798K [0x00000000c0000000, 0x0000000100000000)
  region size 1024K, 178 young (182272K), 12 survivors (12288K)
 Metaspace       used 9556K, committed 9792K, reserved 1114112K
  class space    used 1389K, committed 1472K, reserved 1048576K
}
Event: 19.324 GC heap after
{Heap after GC invocations=156 (full 30):
 garbage-first heap   total 345088K, used 123942K [0x00000000c0000000, 0x0000000100000000)
  region size 1024K, 12 young (12288K), 12 survivors (12288K)
 Metaspace       used 9556K, committed 9792K, reserved 1114112K
  class space    used 1389K, committed 1472K, reserved 1048576K
}
Event: 19.438 GC heap before
{Heap before GC invocations=156 (full 30):
 garbage-first heap   total 345088K, used 293926K [0x00000000c0000000, 0x0000000100000000)
  region size 1024K, 178 young (182272K), 12 survivors (12288K)
 Metaspace       used 9556K, committed 9792K, reserved 1114112K
  class space    used 1389K, committed 1472K, reserved 1048576K
}
Event: 19.443 GC heap after
{Heap after GC invocations=157 (full 30):
 garbage-first heap   total 345088K, used 124512K [0x00000000c0000000, 0x0000000100000000)
  region size 1024K, 13 young (13312K), 13 survivors (13312K)
 Metaspace       used 9556K, committed 9792K, reserved 1114112K
  class space    used 1389K, committed 1472K, reserved 1048576K
}
Event: 19.559 GC heap before
{Heap before GC invocations=157 (full 30):
 garbage-first heap   total 345088K, used 292448K [0x00000000c0000000, 0x0000000100000000)
  region size 1024K, 177 young (181248K), 13 survivors (13312K)
 Metaspace       used 9556K, committed 9792K, reserved 1114112K
  class space    used 1389K, committed 1472K, reserved 1048576K
}
Event: 19.565 GC heap after
{Heap after GC invocations=158 (full 30):
 garbage-first heap   total 345088K, used 124841K [0x00000000c0000000, 0x0000000100000000)
  region size 1024K, 12 young (12288K), 12 survivors (12288K)
 Metaspace       used 9556K, committed 9792K, reserved 1114112K
  class space    used 1389K, committed 1472K, reserved 1048576K
}
Event: 19.761 GC heap before
{Heap before GC invocations=158 (full 30):
 garbage-first heap   total 345088K, used 293801K [0x00000000c0000000, 0x0000000100000000)
  region size 1024K, 177 young (181248K), 12 survivors (12288K)
 Metaspace       used 9616K, committed 9792K, reserved 1114112K
  class space    used 1394K, committed 1472K, reserved 1048576K
}
Event: 19.779 GC heap after
{Heap after GC invocations=159 (full 30):
 garbage-first heap   total 345088K, used 143640K [0x00000000c0000000, 0x0000000100000000)
  region size 1024K, 23 young (23552K), 23 survivors (23552K)
 Metaspace       used 9616K, committed 9792K, reserved 1114112K
  class space    used 1394K, committed 1472K, reserved 1048576K
}
Event: 19.821 GC heap before
{Heap before GC invocations=159 (full 30):
 garbage-first heap   total 345088K, used 171288K [0x00000000c0000000, 0x0000000100000000)
  region size 1024K, 51 young (52224K), 23 survivors (23552K)
 Metaspace       used 9687K, committed 9856K, reserved 1114112K
  class space    used 1426K, committed 1472K, reserved 1048576K
}
Event: 19.871 GC heap after
{Heap after GC invocations=160 (full 31):
 garbage-first heap   total 337920K, used 98511K [0x00000000c0000000, 0x0000000100000000)
  region size 1024K, 0 young (0K), 0 survivors (0K)
 Metaspace       used 9687K, committed 9856K, reserved 1114112K
  class space    used 1426K, committed 1472K, reserved 1048576K
}
Event: 19.919 GC heap before
{Heap before GC invocations=160 (full 31):
 garbage-first heap   total 337920K, used 122063K [0x00000000c0000000, 0x0000000100000000)
  region size 1024K, 24 young (24576K), 0 survivors (0K)
 Metaspace       used 9691K, committed 9856K, reserved 1114112K
  class space    used 1427K, committed 1472K, reserved 1048576K
}
Event: 19.969 GC heap after
{Heap after GC invocations=161 (full 32):
 garbage-first heap   total 337920K, used 100932K [0x00000000c0000000, 0x0000000100000000)
  region size 1024K, 0 young (0K), 0 survivors (0K)
 Metaspace       used 9691K, committed 9856K, reserved 1114112K
  class space    used 1427K, committed 1472K, reserved 1048576K
}
Event: 20.188 GC heap before
{Heap before GC invocations=161 (full 32):
 garbage-first heap   total 337920K, used 276036K [0x00000000c0000000, 0x0000000100000000)
  region size 1024K, 171 young (175104K), 0 survivors (0K)
 Metaspace       used 9698K, committed 9856K, reserved 1114112K
  class space    used 1427K, committed 1472K, reserved 1048576K
}
Event: 20.201 GC heap after
{Heap after GC invocations=162 (full 32):
 garbage-first heap   total 337920K, used 121924K [0x00000000c0000000, 0x0000000100000000)
  region size 1024K, 21 young (21504K), 21 survivors (21504K)
 Metaspace       used 9698K, committed 9856K, reserved 1114112K
  class space    used 1427K, committed 1472K, reserved 1048576K
}

